#
# A fatal error has been detected by the Java Runtime Environment:
#
#  Internal Error (exceptions.cpp:424), pid=95885, tid=4867
#  fatal error: ExceptionMark destructor expects no pending exceptions
#
# JRE version: Java(TM) SE Runtime Environment (7.0_65-b17) (build 1.7.0_65-b17)
# Java VM: Java HotSpot(TM) 64-Bit Server VM (24.65-b04 mixed mode bsd-amd64 compressed oops)
# Failed to write core dump. Core dumps have been disabled. To enable core dumping, try "ulimit -c unlimited" before starting Java again
#
# If you would like to submit a bug report, please visit:
#   http://bugreport.sun.com/bugreport/crash.jsp
#

---------------  T H R E A D  ---------------

Current thread (0x00007f8ffc000000):  JavaThread "main" [_thread_in_vm, id=4867, stack(0x000000010f028000,0x000000010f128000)]

Stack: [0x000000010f028000,0x000000010f128000],  sp=0x000000010f1266c0,  free space=1017k
Native frames: (J=compiled Java code, j=interpreted, Vv=VM code, C=native code)
V  [libjvm.dylib+0x52b19d]  VMError::report_and_die()+0x5cd
V  [libjvm.dylib+0x1ecfd5]  report_vm_error(char const*, int, char const*, char const*)+0x54
V  [libjvm.dylib+0x240eef]  ExceptionMark::~ExceptionMark()+0x95
V  [libjvm.dylib+0x199ad4]  ClassLoader::create_class_path_entry(char*, stat, ClassPathEntry**, bool)+0x356
V  [libjvm.dylib+0x19a6bc]  LazyClassPathEntry::resolve_entry()+0x46
V  [libjvm.dylib+0x1996e8]  LazyClassPathEntry::open_stream(char const*)+0x34
V  [libjvm.dylib+0x1989df]  ClassLoader::load_classfile(Symbol*, Thread*)+0x155
V  [libjvm.dylib+0x4c92d9]  SystemDictionary::load_instance_class(Symbol*, Handle, Thread*)+0xf3
V  [libjvm.dylib+0x4c8e52]  SystemDictionary::resolve_instance_class_or_null(Symbol*, Handle, Handle, Thread*)+0x4bc
V  [libjvm.dylib+0x4c972a]  SystemDictionary::resolve_or_null(Symbol*, Handle, Handle, Thread*)+0x104
V  [libjvm.dylib+0x3300a7]  JVM_FindClassFromBootLoader+0x73
C  [libjava.dylib+0x1847]  Java_java_lang_ClassLoader_findBootstrapClass+0xb5
j  java.lang.ClassLoader.findBootstrapClass(Ljava/lang/String;)Ljava/lang/Class;+0
j  java.lang.ClassLoader.findBootstrapClassOrNull(Ljava/lang/String;)Ljava/lang/Class;+12
j  java.lang.ClassLoader.loadClass(Ljava/lang/String;Z)Ljava/lang/Class;+48
j  java.lang.ClassLoader.loadClass(Ljava/lang/String;Z)Ljava/lang/Class;+38
j  sun.misc.Launcher$AppClassLoader.loadClass(Ljava/lang/String;Z)Ljava/lang/Class;+36
j  java.lang.ClassLoader.loadClass(Ljava/lang/String;)Ljava/lang/Class;+3
j  sun.launcher.LauncherHelper.checkAndLoadMain(ZILjava/lang/String;)Ljava/lang/Class;+114
v  ~StubRoutines::call_stub
V  [libjvm.dylib+0x2daef8]  JavaCalls::call_helper(JavaValue*, methodHandle*, JavaCallArguments*, Thread*)+0x22a
V  [libjvm.dylib+0x2dacc8]  JavaCalls::call(JavaValue*, methodHandle, JavaCallArguments*, Thread*)+0x28
V  [libjvm.dylib+0x30e542]  jni_invoke_static(JNIEnv_*, JavaValue*, _jobject*, JNICallType, _jmethodID*, JNI_ArgumentPusher*, Thread*)+0xe6
V  [libjvm.dylib+0x3056a4]  jni_CallStaticObjectMethod+0x10b
C  [java+0x2fd6]  JavaMain+0x7f5
C  [libsystem_pthread.dylib+0x32fc]  _pthread_body+0x83
C  [libsystem_pthread.dylib+0x3279]  _pthread_body+0x0
C  [libsystem_pthread.dylib+0x14b1]  thread_start+0xd

Java frames: (J=compiled Java code, j=interpreted, Vv=VM code)
j  java.lang.ClassLoader.findBootstrapClass(Ljava/lang/String;)Ljava/lang/Class;+0
j  java.lang.ClassLoader.findBootstrapClassOrNull(Ljava/lang/String;)Ljava/lang/Class;+12
j  java.lang.ClassLoader.loadClass(Ljava/lang/String;Z)Ljava/lang/Class;+48
j  java.lang.ClassLoader.loadClass(Ljava/lang/String;Z)Ljava/lang/Class;+38
j  sun.misc.Launcher$AppClassLoader.loadClass(Ljava/lang/String;Z)Ljava/lang/Class;+36
j  java.lang.ClassLoader.loadClass(Ljava/lang/String;)Ljava/lang/Class;+3
j  sun.launcher.LauncherHelper.checkAndLoadMain(ZILjava/lang/String;)Ljava/lang/Class;+114
v  ~StubRoutines::call_stub

---------------  P R O C E S S  ---------------

Java Threads: ( => current thread )
  0x00007f8ffb00d000 JavaThread "Service Thread" daemon [_thread_blocked, id=19715, stack(0x0000000118eac000,0x0000000118fac000)]
  0x00007f8ffc05a800 JavaThread "C2 CompilerThread1" daemon [_thread_blocked, id=19203, stack(0x0000000118da9000,0x0000000118ea9000)]
  0x00007f8ffc821000 JavaThread "C2 CompilerThread0" daemon [_thread_blocked, id=18691, stack(0x0000000118ca6000,0x0000000118da6000)]
  0x00007f8ffc81c000 JavaThread "Signal Dispatcher" daemon [_thread_blocked, id=14859, stack(0x0000000118ba3000,0x0000000118ca3000)]
  0x00007f8ffc04c000 JavaThread "Finalizer" daemon [_thread_blocked, id=13571, stack(0x0000000117259000,0x0000000117359000)]
  0x00007f8ffc04b000 JavaThread "Reference Handler" daemon [_thread_blocked, id=13059, stack(0x0000000117156000,0x0000000117256000)]
=>0x00007f8ffc000000 JavaThread "main" [_thread_in_vm, id=4867, stack(0x000000010f028000,0x000000010f128000)]

Other Threads:
  0x00007f8ffc048800 VMThread [stack: 0x0000000117053000,0x0000000117153000] [id=12547]
  0x00007f8ffc058800 WatcherThread [stack: 0x0000000118faf000,0x00000001190af000] [id=20227]

VM state:not at safepoint (normal execution)

VM Mutex/Monitor currently owned by a thread: None

Heap
 PSYoungGen      total 10240K, used 553K [0x00000007faa80000, 0x00000007fb580000, 0x0000000800000000)
  eden space 9216K, 6% used [0x00000007faa80000,0x00000007fab0a5a0,0x00000007fb380000)
  from space 1024K, 0% used [0x00000007fb480000,0x00000007fb480000,0x00000007fb580000)
  to   space 1024K, 0% used [0x00000007fb380000,0x00000007fb380000,0x00000007fb480000)
 ParOldGen       total 22016K, used 0K [0x00000007f0000000, 0x00000007f1580000, 0x00000007faa80000)
  object space 22016K, 0% used [0x00000007f0000000,0x00000007f0000000,0x00000007f1580000)
 PSPermGen       total 21504K, used 2163K [0x00000007eae00000, 0x00000007ec300000, 0x00000007f0000000)
  object space 21504K, 10% used [0x00000007eae00000,0x00000007eb01cf40,0x00000007ec300000)

Card table byte_map: [0x0000000113d1f000,0x0000000113dc9000] byte_map_base: 0x000000010fdc8000

Polling page: 0x000000010f167000

Code Cache  [0x0000000110c5f000, 0x0000000110ecf000, 0x0000000113c5f000)
 total_blobs=158 nmethods=0 adapters=128 free_code_cache=48777Kb largest_free_block=49948480

Compilation events (0 events):
No events

GC Heap History (0 events):
No events

Deoptimization events (0 events):
No events

Internal exceptions (2 events):
Event: 0.029 Thread 0x00007f8ffc000000 Threw 0x00000007faa905a8 at /HUDSON/workspace/7u-2-build-macosx-x86_64/jdk7u65/1224/hotspot/src/share/vm/prims/jni.cpp:3991
Event: 0.048 Thread 0x00007f8ffc000000 Threw 0x00000007faaff960 at /HUDSON/workspace/7u-2-build-macosx-x86_64/jdk7u65/1224/hotspot/src/share/vm/classfile/classLoader.cpp:508

Events (10 events):
Event: 0.046 loading class 0x0000000115194f70 done
Event: 0.047 loading class 0x0000000115150a60
Event: 0.047 loading class 0x0000000115150a60 done
Event: 0.047 Thread 0x00007f8ffc81c000 Thread added: 0x00007f8ffc81c000
Event: 0.047 Thread 0x00007f8ffc821000 Thread added: 0x00007f8ffc821000
Event: 0.047 Thread 0x00007f8ffc05a800 Thread added: 0x00007f8ffc05a800
Event: 0.047 Thread 0x00007f8ffb00d000 Thread added: 0x00007f8ffb00d000
Event: 0.048 loading class 0x00007f8ffb818e10
Event: 0.048 loading class 0x00007f8ffb818e10 done
Event: 0.048 loading class 0x00007f8ffb818fd0


Dynamic libraries:
0x000000000c474000 	/System/Library/Frameworks/Cocoa.framework/Versions/A/Cocoa
0x000000000c474000 	/System/Library/Frameworks/Security.framework/Versions/A/Security
0x000000000c474000 	/System/Library/Frameworks/ApplicationServices.framework/Versions/A/ApplicationServices
0x000000000c474000 	/usr/lib/libz.1.dylib
0x000000000c474000 	/usr/lib/libSystem.B.dylib
0x000000000c474000 	/usr/lib/libobjc.A.dylib
0x000000000c474000 	/System/Library/Frameworks/CoreFoundation.framework/Versions/A/CoreFoundation
0x000000000c474000 	/System/Library/Frameworks/Foundation.framework/Versions/C/Foundation
0x000000000c474000 	/System/Library/Frameworks/AppKit.framework/Versions/C/AppKit
0x000000000c474000 	/System/Library/Frameworks/CoreData.framework/Versions/A/CoreData
0x000000000c474000 	/System/Library/PrivateFrameworks/RemoteViewServices.framework/Versions/A/RemoteViewServices
0x000000000c474000 	/System/Library/PrivateFrameworks/UIFoundation.framework/Versions/A/UIFoundation
0x000000000c474000 	/System/Library/Frameworks/IOSurface.framework/Versions/A/IOSurface
0x000000000c474000 	/System/Library/Frameworks/AudioToolbox.framework/Versions/A/AudioToolbox
0x000000000c474000 	/System/Library/Frameworks/AudioUnit.framework/Versions/A/AudioUnit
0x000000000c474000 	/System/Library/PrivateFrameworks/DataDetectorsCore.framework/Versions/A/DataDetectorsCore
0x000000000c474000 	/System/Library/PrivateFrameworks/DesktopServicesPriv.framework/Versions/A/DesktopServicesPriv
0x000000000c474000 	/System/Library/Frameworks/Carbon.framework/Versions/A/Frameworks/HIToolbox.framework/Versions/A/HIToolbox
0x000000000c474000 	/System/Library/Frameworks/QuartzCore.framework/Versions/A/QuartzCore
0x000000000c474000 	/System/Library/Frameworks/Carbon.framework/Versions/A/Frameworks/SpeechRecognition.framework/Versions/A/SpeechRecognition
0x000000000c474000 	/usr/lib/libauto.dylib
0x000000000c474000 	/usr/lib/libicucore.A.dylib
0x000000000c474000 	/usr/lib/libxml2.2.dylib
0x000000000c474000 	/System/Library/PrivateFrameworks/CoreUI.framework/Versions/A/CoreUI
0x000000000c474000 	/System/Library/Frameworks/CoreAudio.framework/Versions/A/CoreAudio
0x000000000c474000 	/System/Library/Frameworks/DiskArbitration.framework/Versions/A/DiskArbitration
0x000000000c474000 	/usr/lib/liblangid.dylib
0x000000000c474000 	/System/Library/PrivateFrameworks/MultitouchSupport.framework/Versions/A/MultitouchSupport
0x000000000c474000 	/System/Library/Frameworks/IOKit.framework/Versions/A/IOKit
0x000000000c474000 	/usr/lib/libDiagnosticMessagesClient.dylib
0x000000000c474000 	/System/Library/Frameworks/CoreServices.framework/Versions/A/CoreServices
0x000000000c474000 	/System/Library/PrivateFrameworks/PerformanceAnalysis.framework/Versions/A/PerformanceAnalysis
0x000000000c474000 	/System/Library/PrivateFrameworks/GenerationalStorage.framework/Versions/A/GenerationalStorage
0x000000000c474000 	/System/Library/Frameworks/OpenGL.framework/Versions/A/OpenGL
0x000000000c474000 	/System/Library/PrivateFrameworks/Sharing.framework/Versions/A/Sharing
0x000000000c474000 	/System/Library/Frameworks/CoreGraphics.framework/Versions/A/CoreGraphics
0x000000000c474000 	/System/Library/Frameworks/CoreText.framework/Versions/A/CoreText
0x000000000c474000 	/System/Library/Frameworks/ImageIO.framework/Versions/A/ImageIO
0x000000000c474000 	/usr/lib/libextension.dylib
0x000000000c474000 	/System/Library/PrivateFrameworks/Backup.framework/Versions/A/Backup
0x000000000c474000 	/usr/lib/libarchive.2.dylib
0x000000000c474000 	/System/Library/Frameworks/CFNetwork.framework/Versions/A/CFNetwork
0x000000000c474000 	/System/Library/Frameworks/SystemConfiguration.framework/Versions/A/SystemConfiguration
0x000000000c474000 	/usr/lib/libCRFSuite.dylib
0x000000000c474000 	/usr/lib/libc++.1.dylib
0x000000000c474000 	/usr/lib/libc++abi.dylib
0x000000000c474000 	/usr/lib/system/libcache.dylib
0x000000000c474000 	/usr/lib/system/libcommonCrypto.dylib
0x000000000c474000 	/usr/lib/system/libcompiler_rt.dylib
0x000000000c474000 	/usr/lib/system/libcopyfile.dylib
0x000000000c474000 	/usr/lib/system/libcorecrypto.dylib
0x000000000c474000 	/usr/lib/system/libdispatch.dylib
0x000000000c474000 	/usr/lib/system/libdyld.dylib
0x000000000c474000 	/usr/lib/system/libkeymgr.dylib
0x000000000c474000 	/usr/lib/system/liblaunch.dylib
0x000000000c474000 	/usr/lib/system/libmacho.dylib
0x000000000c474000 	/usr/lib/system/libquarantine.dylib
0x000000000c474000 	/usr/lib/system/libremovefile.dylib
0x000000000c474000 	/usr/lib/system/libsystem_asl.dylib
0x000000000c474000 	/usr/lib/system/libsystem_blocks.dylib
0x000000000c474000 	/usr/lib/system/libsystem_c.dylib
0x000000000c474000 	/usr/lib/system/libsystem_configuration.dylib
0x000000000c474000 	/usr/lib/system/libsystem_coreservices.dylib
0x000000000c474000 	/usr/lib/system/libsystem_coretls.dylib
0x000000000c474000 	/usr/lib/system/libsystem_dnssd.dylib
0x000000000c474000 	/usr/lib/system/libsystem_info.dylib
0x000000000c474000 	/usr/lib/system/libsystem_kernel.dylib
0x000000000c474000 	/usr/lib/system/libsystem_m.dylib
0x000000000c474000 	/usr/lib/system/libsystem_malloc.dylib
0x000000000c474000 	/usr/lib/system/libsystem_network.dylib
0x000000000c474000 	/usr/lib/system/libsystem_networkextension.dylib
0x000000000c474000 	/usr/lib/system/libsystem_notify.dylib
0x000000000c474000 	/usr/lib/system/libsystem_platform.dylib
0x000000000c474000 	/usr/lib/system/libsystem_pthread.dylib
0x000000000c474000 	/usr/lib/system/libsystem_sandbox.dylib
0x000000000c474000 	/usr/lib/system/libsystem_secinit.dylib
0x000000000c474000 	/usr/lib/system/libsystem_stats.dylib
0x000000000c474000 	/usr/lib/system/libsystem_trace.dylib
0x000000000c474000 	/usr/lib/system/libunc.dylib
0x000000000c474000 	/usr/lib/system/libunwind.dylib
0x000000000c474000 	/usr/lib/system/libxpc.dylib
0x000000000c474000 	/usr/lib/libbz2.1.0.dylib
0x000000000c474000 	/usr/lib/liblzma.5.dylib
0x000000000c474000 	/usr/lib/libbsm.0.dylib
0x000000000c474000 	/usr/lib/libsqlite3.dylib
0x000000000c474000 	/usr/lib/system/libkxld.dylib
0x000000000c474000 	/usr/lib/libxar.1.dylib
0x000000000c474000 	/usr/lib/libpam.2.dylib
0x000000000c474000 	/usr/lib/libOpenScriptingUtil.dylib
0x000000000c474000 	/System/Library/Frameworks/CoreServices.framework/Versions/A/Frameworks/FSEvents.framework/Versions/A/FSEvents
0x000000000c474000 	/System/Library/Frameworks/CoreServices.framework/Versions/A/Frameworks/CarbonCore.framework/Versions/A/CarbonCore
0x000000000c474000 	/System/Library/Frameworks/CoreServices.framework/Versions/A/Frameworks/Metadata.framework/Versions/A/Metadata
0x000000000c474000 	/System/Library/Frameworks/CoreServices.framework/Versions/A/Frameworks/OSServices.framework/Versions/A/OSServices
0x000000000c474000 	/System/Library/Frameworks/CoreServices.framework/Versions/A/Frameworks/SearchKit.framework/Versions/A/SearchKit
0x000000000c474000 	/System/Library/Frameworks/CoreServices.framework/Versions/A/Frameworks/AE.framework/Versions/A/AE
0x000000000c474000 	/System/Library/Frameworks/CoreServices.framework/Versions/A/Frameworks/LaunchServices.framework/Versions/A/LaunchServices
0x000000000c474000 	/System/Library/Frameworks/CoreServices.framework/Versions/A/Frameworks/DictionaryServices.framework/Versions/A/DictionaryServices
0x000000000c474000 	/System/Library/Frameworks/NetFS.framework/Versions/A/NetFS
0x000000000c474000 	/System/Library/PrivateFrameworks/NetAuth.framework/Versions/A/NetAuth
0x000000000c474000 	/System/Library/PrivateFrameworks/login.framework/Versions/A/Frameworks/loginsupport.framework/Versions/A/loginsupport
0x000000000c474000 	/System/Library/PrivateFrameworks/TCC.framework/Versions/A/TCC
0x000000000c474000 	/usr/lib/libmecabra.dylib
0x000000000c474000 	/System/Library/PrivateFrameworks/LanguageModeling.framework/Versions/A/LanguageModeling
0x000000000c474000 	/usr/lib/libcmph.dylib
0x000000000c474000 	/usr/lib/libiconv.2.dylib
0x000000000c474000 	/System/Library/Frameworks/OpenDirectory.framework/Versions/A/Frameworks/CFOpenDirectory.framework/Versions/A/CFOpenDirectory
0x000000000c474000 	/System/Library/Frameworks/ServiceManagement.framework/Versions/A/ServiceManagement
0x000000000c474000 	/usr/lib/libxslt.1.dylib
0x000000000c474000 	/System/Library/Frameworks/Carbon.framework/Versions/A/Frameworks/Ink.framework/Versions/A/Ink
0x000000000c474000 	/System/Library/Frameworks/ApplicationServices.framework/Versions/A/Frameworks/ATS.framework/Versions/A/ATS
0x000000000c474000 	/System/Library/Frameworks/ApplicationServices.framework/Versions/A/Frameworks/ColorSync.framework/Versions/A/ColorSync
0x000000000c474000 	/System/Library/Frameworks/ApplicationServices.framework/Versions/A/Frameworks/HIServices.framework/Versions/A/HIServices
0x000000000c474000 	/System/Library/Frameworks/ApplicationServices.framework/Versions/A/Frameworks/LangAnalysis.framework/Versions/A/LangAnalysis
0x000000000c474000 	/System/Library/Frameworks/ApplicationServices.framework/Versions/A/Frameworks/PrintCore.framework/Versions/A/PrintCore
0x000000000c474000 	/System/Library/Frameworks/ApplicationServices.framework/Versions/A/Frameworks/QD.framework/Versions/A/QD
0x000000000c474000 	/System/Library/Frameworks/ApplicationServices.framework/Versions/A/Frameworks/SpeechSynthesis.framework/Versions/A/SpeechSynthesis
0x000000000c474000 	/System/Library/Frameworks/Accelerate.framework/Versions/A/Accelerate
0x000000000c474000 	/System/Library/Frameworks/Accelerate.framework/Versions/A/Frameworks/vImage.framework/Versions/A/vImage
0x000000000c474000 	/System/Library/Frameworks/Accelerate.framework/Versions/A/Frameworks/vecLib.framework/Versions/A/vecLib
0x000000000c474000 	/System/Library/Frameworks/Accelerate.framework/Versions/A/Frameworks/vecLib.framework/Versions/A/libvDSP.dylib
0x000000000c474000 	/System/Library/Frameworks/Accelerate.framework/Versions/A/Frameworks/vecLib.framework/Versions/A/libvMisc.dylib
0x000000000c474000 	/System/Library/Frameworks/Accelerate.framework/Versions/A/Frameworks/vecLib.framework/Versions/A/libLAPACK.dylib
0x000000000c474000 	/System/Library/Frameworks/Accelerate.framework/Versions/A/Frameworks/vecLib.framework/Versions/A/libBLAS.dylib
0x000000000c474000 	/System/Library/Frameworks/Accelerate.framework/Versions/A/Frameworks/vecLib.framework/Versions/A/libLinearAlgebra.dylib
0x000000000c474000 	/System/Library/Frameworks/ApplicationServices.framework/Versions/A/Frameworks/ATS.framework/Versions/A/Resources/libFontParser.dylib
0x000000000c474000 	/System/Library/Frameworks/ApplicationServices.framework/Versions/A/Frameworks/ATS.framework/Versions/A/Resources/libFontRegistry.dylib
0x000000000c474000 	/System/Library/PrivateFrameworks/AppleVPA.framework/Versions/A/AppleVPA
0x000000000c474000 	/System/Library/PrivateFrameworks/AppleJPEG.framework/Versions/A/AppleJPEG
0x000000000c474000 	/System/Library/Frameworks/ImageIO.framework/Versions/A/Resources/libJPEG.dylib
0x000000000c474000 	/System/Library/Frameworks/ImageIO.framework/Versions/A/Resources/libTIFF.dylib
0x000000000c474000 	/System/Library/Frameworks/ImageIO.framework/Versions/A/Resources/libPng.dylib
0x000000000c474000 	/System/Library/Frameworks/ImageIO.framework/Versions/A/Resources/libGIF.dylib
0x000000000c474000 	/System/Library/Frameworks/ImageIO.framework/Versions/A/Resources/libJP2.dylib
0x000000000c474000 	/System/Library/Frameworks/ImageIO.framework/Versions/A/Resources/libRadiance.dylib
0x000000000c474000 	/System/Library/Frameworks/CoreVideo.framework/Versions/A/CoreVideo
0x000000000c474000 	/System/Library/Frameworks/OpenGL.framework/Versions/A/Libraries/libGLU.dylib
0x000000000c474000 	/System/Library/Frameworks/OpenGL.framework/Versions/A/Libraries/libGFXShared.dylib
0x000000000c474000 	/System/Library/Frameworks/OpenGL.framework/Versions/A/Libraries/libGL.dylib
0x000000000c474000 	/System/Library/Frameworks/OpenGL.framework/Versions/A/Libraries/libGLImage.dylib
0x000000000c474000 	/System/Library/Frameworks/OpenGL.framework/Versions/A/Libraries/libCVMSPluginSupport.dylib
0x000000000c474000 	/System/Library/Frameworks/OpenGL.framework/Versions/A/Libraries/libCoreVMClient.dylib
0x000000000c474000 	/usr/lib/libcups.2.dylib
0x000000000c474000 	/System/Library/Frameworks/Kerberos.framework/Versions/A/Kerberos
0x000000000c474000 	/System/Library/Frameworks/GSS.framework/Versions/A/GSS
0x000000000c474000 	/usr/lib/libresolv.9.dylib
0x000000000c474000 	/System/Library/PrivateFrameworks/Heimdal.framework/Versions/A/Heimdal
0x000000000c474000 	/usr/lib/libheimdal-asn1.dylib
0x000000000c474000 	/System/Library/Frameworks/OpenDirectory.framework/Versions/A/OpenDirectory
0x000000000c474000 	/System/Library/PrivateFrameworks/CommonAuth.framework/Versions/A/CommonAuth
0x000000000c474000 	/System/Library/Frameworks/SecurityFoundation.framework/Versions/A/SecurityFoundation
0x000000000c474000 	/System/Library/Frameworks/QuartzCore.framework/Versions/A/Frameworks/CoreImage.framework/Versions/A/CoreImage
0x000000000c474000 	/System/Library/PrivateFrameworks/CrashReporterSupport.framework/Versions/A/CrashReporterSupport
0x000000000c474000 	/System/Library/Frameworks/OpenCL.framework/Versions/A/OpenCL
0x000000000c474000 	/System/Library/PrivateFrameworks/FaceCore.framework/Versions/A/FaceCore
0x000000000c474000 	/System/Library/PrivateFrameworks/Ubiquity.framework/Versions/A/Ubiquity
0x000000000c474000 	/System/Library/PrivateFrameworks/IconServices.framework/Versions/A/IconServices
0x000000000c474000 	/System/Library/PrivateFrameworks/ChunkingLibrary.framework/Versions/A/ChunkingLibrary
0x000000000c474000 	/System/Library/PrivateFrameworks/Apple80211.framework/Versions/A/Apple80211
0x000000000c474000 	/System/Library/Frameworks/CoreWLAN.framework/Versions/A/CoreWLAN
0x000000000c474000 	/System/Library/Frameworks/IOBluetooth.framework/Versions/A/IOBluetooth
0x000000000c474000 	/System/Library/PrivateFrameworks/CoreWiFi.framework/Versions/A/CoreWiFi
0x000000000c474000 	/System/Library/Frameworks/CoreBluetooth.framework/Versions/A/CoreBluetooth
0x000000000c474000 	/System/Library/PrivateFrameworks/DebugSymbols.framework/Versions/A/DebugSymbols
0x000000000c474000 	/System/Library/PrivateFrameworks/CoreSymbolication.framework/Versions/A/CoreSymbolication
0x000000000c474000 	/System/Library/PrivateFrameworks/Symbolication.framework/Versions/A/Symbolication
0x000000000c474000 	/System/Library/PrivateFrameworks/SpeechRecognitionCore.framework/Versions/A/SpeechRecognitionCore
0x0000000054437000 	/System/Library/CoreServices/Encodings/libKoreanConverter.dylib
0x0000000110200000 	/Library/Java/JavaVirtualMachines/jdk1.7.0_65.jdk/Contents/Home/jre/lib/server/libjvm.dylib
0x000000000c474000 	/usr/lib/libstdc++.6.dylib
0x000000010f12a000 	/Library/Java/JavaVirtualMachines/jdk1.7.0_65.jdk/Contents/Home/jre/lib/libverify.dylib
0x000000010f137000 	/Library/Java/JavaVirtualMachines/jdk1.7.0_65.jdk/Contents/Home/jre/lib/libjava.dylib
0x000000010f171000 	/Library/Java/JavaVirtualMachines/jdk1.7.0_65.jdk/Contents/Home/jre/lib/libzip.dylib
0x000000011735b000 	/System/Library/Frameworks/JavaVM.framework/Frameworks/JavaRuntimeSupport.framework/JavaRuntimeSupport
0x0000000117373000 	/System/Library/Frameworks/JavaVM.framework/Versions/A/Frameworks/JavaNativeFoundation.framework/Versions/A/JavaNativeFoundation
0x0000000117388000 	/System/Library/Frameworks/JavaVM.framework/Versions/A/JavaVM
0x000000000c474000 	/System/Library/Frameworks/Carbon.framework/Versions/A/Carbon
0x0000000117395000 	/System/Library/PrivateFrameworks/JavaLaunching.framework/Versions/A/JavaLaunching
0x000000000c474000 	/System/Library/Frameworks/Carbon.framework/Versions/A/Frameworks/CommonPanels.framework/Versions/A/CommonPanels
0x000000000c474000 	/System/Library/Frameworks/Carbon.framework/Versions/A/Frameworks/Help.framework/Versions/A/Help
0x000000000c474000 	/System/Library/Frameworks/Carbon.framework/Versions/A/Frameworks/ImageCapture.framework/Versions/A/ImageCapture
0x000000000c474000 	/System/Library/Frameworks/Carbon.framework/Versions/A/Frameworks/OpenScripting.framework/Versions/A/OpenScripting
0x000000000c474000 	/System/Library/Frameworks/Carbon.framework/Versions/A/Frameworks/Print.framework/Versions/A/Print
0x000000000c474000 	/System/Library/Frameworks/Carbon.framework/Versions/A/Frameworks/SecurityHI.framework/Versions/A/SecurityHI

VM Arguments:
jvm_args: -Xmx256M -Xms32M -Xbootclasspath/a:/Users/1002371/Dev/scala-2.11.4/lib/META-INF:/Users/1002371/Dev/scala-2.11.4/lib/akka-actor_2.11-2.3.4.jar:/Users/1002371/Dev/scala-2.11.4/lib/compiler.properties:/Users/1002371/Dev/scala-2.11.4/lib/config-1.2.1.jar:/Users/1002371/Dev/scala-2.11.4/lib/interactive.properties:/Users/1002371/Dev/scala-2.11.4/lib/jline-2.12.jar:/Users/1002371/Dev/scala-2.11.4/lib/reference.conf:/Users/1002371/Dev/scala-2.11.4/lib/repl.properties:/Users/1002371/Dev/scala-2.11.4/lib/rootdoc.txt:/Users/1002371/Dev/scala-2.11.4/lib/scala:/Users/1002371/Dev/scala-2.11.4/lib/scala-actors-2.11.0.jar:/Users/1002371/Dev/scala-2.11.4/lib/scala-actors-migration_2.11-1.1.0.jar:/Users/1002371/Dev/scala-2.11.4/lib/scala-compiler.jar:/Users/1002371/Dev/scala-2.11.4/lib/scala-continuations-library_2.11-1.0.2.jar:/Users/1002371/Dev/scala-2.11.4/lib/scala-continuations-plugin_2.11.4-1.0.2.jar:/Users/1002371/Dev/scala-2.11.4/lib/scala-library.jar:/Users/1002371/Dev/scala-2.11.4/lib/scala-parser-combinators_2.11-1.0.2.jar:/Users/1002371/Dev/scala-2.11.4/lib/scala-reflect.jar:/Users/1002371/Dev/scala-2.11.4/lib/scala-swing_2.11-1.0.1.jar:/Users/1002371/Dev/scala-2.11.4/lib/scala-xml_2.11-1.0.2.jar:/Users/1002371/Dev/scala-2.11.4/lib/scaladoc.properties:/Users/1002371/Dev/scala-2.11.4/lib/scalap-2.11.4.jar -Dscala.home=/Users/1002371/Dev/scala-2.11.4 -Dscala.usejavacp=true -Denv.emacs= -Dfile.encoding=UTF-8 
java_command: scala.tools.nsc.Main
Launcher Type: SUN_STANDARD

Environment Variables:
JAVA_HOME=/Library/Java/JavaVirtualMachines/jdk1.7.0_65.jdk/Contents/Home
_JAVA_OPTIONS=-Dfile.encoding=UTF-8
PATH=/Users/1002371/Dev/apache-ant-1.9.4/bin:/Users/1002371/Dev/scala-2.11.4/bin:/Users/1002371/Dev/activator-1.2.12-minimal::/Library/Java/JavaVirtualMachines/jdk1.7.0_65.jdk/Contents/Home/bin:/Users/1002371/bin/Sencha/Cmd/5.0.1.231:/opt/local/bin:/opt/local/sbin:/usr/bin:/bin:/usr/sbin:/sbin:/usr/local/bin:/usr/local/git/bin:/usr/local/gradle-2.0/bin:/usr/local/apache-maven-3.2.2/bin
SHELL=/bin/zsh

Signal Handlers:
SIGSEGV: [libjvm.dylib+0x52b6c9], sa_mask[0]=0xfffefeff, sa_flags=0x00000043
SIGBUS: [libjvm.dylib+0x52b6c9], sa_mask[0]=0xfffefeff, sa_flags=0x00000042
SIGFPE: [libjvm.dylib+0x41deaa], sa_mask[0]=0xfffefeff, sa_flags=0x00000042
SIGPIPE: [libjvm.dylib+0x41deaa], sa_mask[0]=0xfffefeff, sa_flags=0x00000042
SIGXFSZ: [libjvm.dylib+0x41deaa], sa_mask[0]=0xfffefeff, sa_flags=0x00000042
SIGILL: [libjvm.dylib+0x41deaa], sa_mask[0]=0xfffefeff, sa_flags=0x00000042
SIGUSR1: SIG_DFL, sa_mask[0]=0x00000000, sa_flags=0x00000002
SIGUSR2: [libjvm.dylib+0x41d99c], sa_mask[0]=0x00000000, sa_flags=0x00000042
SIGHUP: [libjvm.dylib+0x41bc2d], sa_mask[0]=0xfffefeff, sa_flags=0x00000042
SIGINT: [libjvm.dylib+0x41bc2d], sa_mask[0]=0xfffefeff, sa_flags=0x00000042
SIGTERM: [libjvm.dylib+0x41bc2d], sa_mask[0]=0xfffefeff, sa_flags=0x00000042
SIGQUIT: [libjvm.dylib+0x41bc2d], sa_mask[0]=0xfffefeff, sa_flags=0x00000042


---------------  S Y S T E M  ---------------

OS:Bsduname:Darwin 14.0.0 Darwin Kernel Version 14.0.0: Fri Sep 19 00:26:44 PDT 2014; root:xnu-2782.1.97~2/RELEASE_X86_64 x86_64
rlimit: STACK 8192k, CORE 0k, NPROC 709, NOFILE 10240, AS infinity
load average:1.49 1.83 1.85

CPU:total 8 (4 cores per cpu, 2 threads per core) family 6 model 70 stepping 1, cmov, cx8, fxsr, mmx, sse, sse2, sse3, ssse3, sse4.1, sse4.2, popcnt, avx, avx2, aes, erms, ht, tsc, tscinvbit

Memory: 4k page, physical 8388608k(2097152k free)

/proc/meminfo:


vm_info: Java HotSpot(TM) 64-Bit Server VM (24.65-b04) for bsd-amd64 JRE (1.7.0_65-b17), built on Jun 16 2014 20:31:25 by "java_re" with gcc 4.2.1 (Based on Apple Inc. build 5658) (LLVM build 2336.11.00)

time: Sat Dec 27 00:18:36 2014
elapsed time: 0 seconds

